<?xml version="1.0" encoding="UTF-8" ?>
<testsuite tests="25" failures="0" name="TestSuite" time="0.051" errors="0" skipped="0">
  <properties>
    <property name="java.runtime.name" value="Java(TM) SE Runtime Environment"/>
    <property name="sun.boot.library.path" value="C:\Program Files\Java\jdk1.8.0_202\jre\bin"/>
    <property name="java.vm.version" value="25.202-b08"/>
    <property name="java.vm.vendor" value="Oracle Corporation"/>
    <property name="maven.multiModuleProjectDirectory" value="C:\Users\jhmff\Desktop\IST\MEIC\1ano\2semestre\TVS\Labs\Lab1"/>
    <property name="java.vendor.url" value="http://java.oracle.com/"/>
    <property name="path.separator" value=";"/>
    <property name="guice.disable.misplaced.annotation.check" value="true"/>
    <property name="java.vm.name" value="Java HotSpot(TM) 64-Bit Server VM"/>
    <property name="file.encoding.pkg" value="sun.io"/>
    <property name="user.script" value=""/>
    <property name="user.country" value="PT"/>
    <property name="sun.java.launcher" value="SUN_STANDARD"/>
    <property name="sun.os.patch.level" value=""/>
    <property name="java.vm.specification.name" value="Java Virtual Machine Specification"/>
    <property name="user.dir" value="C:\Users\jhmff\Desktop\IST\MEIC\1ano\2semestre\TVS\Labs\Lab1"/>
    <property name="java.runtime.version" value="1.8.0_202-b08"/>
    <property name="java.awt.graphicsenv" value="sun.awt.Win32GraphicsEnvironment"/>
    <property name="java.endorsed.dirs" value="C:\Program Files\Java\jdk1.8.0_202\jre\lib\endorsed"/>
    <property name="os.arch" value="amd64"/>
    <property name="java.io.tmpdir" value="C:\Users\jhmff\AppData\Local\Temp\"/>
    <property name="line.separator" value="
"/>
    <property name="java.vm.specification.vendor" value="Oracle Corporation"/>
    <property name="user.variant" value=""/>
    <property name="os.name" value="Windows 10"/>
    <property name="classworlds.conf" value="C:\Program Files\apache-maven-3.6.0\bin\..\bin\m2.conf"/>
    <property name="sun.jnu.encoding" value="Cp1252"/>
    <property name="java.library.path" value="C:\Program Files\Java\jdk1.8.0_202\bin;C:\WINDOWS\Sun\Java\bin;C:\WINDOWS\system32;C:\WINDOWS;C:\Program Files (x86)\Common Files\Oracle\Java\javapath;C:\Program Files (x86)\Intel\iCLS Client\;C:\Program Files\Intel\iCLS Client\;C:\Windows\system32;C:\Windows;C:\Windows\System32\Wbem;C:\Windows\System32\WindowsPowerShell\v1.0\;C:\Program Files (x86)\Intel\Intel(R) Management Engine Components\DAL;C:\Program Files\Intel\Intel(R) Management Engine Components\DAL;C:\Program Files (x86)\Intel\Intel(R) Management Engine Components\IPT;C:\Program Files\Intel\Intel(R) Management Engine Components\IPT;C:\Program Files\Intel\WiFi\bin\;C:\Program Files\Common Files\Intel\WirelessCommon\;C:\WINDOWS\system32;C:\WINDOWS;C:\WINDOWS\System32\Wbem;C:\WINDOWS\System32\WindowsPowerShell\v1.0\;C:\Program Files (x86)\NVIDIA Corporation\PhysX\Common;C:\MinGW\bin;C:\WINDOWS\System32\OpenSSH\;C:\ProgramData\chocolatey\bin;C:\Program Files\NVIDIA Corporation\NVIDIA NvDLISR;C:\Program Files\apache-maven-3.6.0\bin;C:\Program Files\Git\bin;C:\Program Files\Git\cmd;C:\Users\jhmff\eclipse\java-2018-12\eclipse;C:\Program Files\apache-maven-3.6.0;C:\Program Files\MySQL\MySQL Server 5.7\bin;C:\Program Files\Java\jdk1.8.0_202\bin;C:\Program Files\Java\jre1.8.0_202\bin;C:\Program Files\nodejs\;C:\WINDOWS\system32;C:\WINDOWS;C:\WINDOWS\System32\Wbem;C:\WINDOWS\System32\WindowsPowerShell\v1.0\;C:\WINDOWS\System32\OpenSSH\;C:\exiftool;;C:\Program Files\Symfony;C:\xampp\php;C:\composer;C:\Program Files\dotnet\;C:\Program Files\PuTTY\;C:\Program Files (x86)\Microsoft SQL Server\150\DTS\Binn\;C:\Program Files\Microsoft SQL Server\Client SDK\ODBC\130\Tools\Binn\;C:\Program Files (x86)\Microsoft SQL Server\140\Tools\Binn\;C:\Program Files\Microsoft SQL Server\140\Tools\Binn\;C:\Program Files\Microsoft SQL Server\140\DTS\Binn\;C:\Program Files\MySQL\MySQL Shell 8.0\bin\;C:\Users\jhmff\AppData\Local\Programs\Python\Python37-32\Scripts\;C:\Users\jhmff\AppData\Local\Programs\Python\Python37-32\;C:\Users\jhmff\AppData\Local\Programs\Python\Python36\Scripts\;C:\Users\jhmff\AppData\Local\Programs\Python\Python36\;C:\Users\jhmff\AppData\Local\atom\bin;C:\Users\jhmff\AppData\Local\Microsoft\WindowsApps;C:\Program Files\Microsoft VS Code\bin;C:\Program Files\Oracle\VirtualBox;&quot;C :\Program Files\Git\bin\;C :\Program Files\Git\usr\bin&quot;;&quot;C:\Python36;C:\Python36\Scripts&quot;;C:\Program Files\Java\jdk1.8.0_202\bin;C:\Users\jhmff\AppData\Local\GitHubDesktop\bin;C:\Users\jhmff\AppData\Roaming\npm;C:\Program Files\JetBrains\IntelliJ IDEA 2019.3.3\bin;;C:\Users\jhmff\AppData\Local\Microsoft\WindowsApps;;C:\Program Files\Docker Toolbox;C:\Program Files\JetBrains\PhpStorm 2019.2.3\bin;;C:\Program Files\Docker Toolbox;C:\Users\jhmff\AppData\Roaming\Composer\vendor\bin;C:\Users\jhmff\AppData\Local\Programs\Microsoft VS Code\bin;."/>
    <property name="maven.conf" value="C:\Program Files\apache-maven-3.6.0\bin\../conf"/>
    <property name="java.specification.name" value="Java Platform API Specification"/>
    <property name="java.class.version" value="52.0"/>
    <property name="sun.management.compiler" value="HotSpot 64-Bit Tiered Compilers"/>
    <property name="os.version" value="10.0"/>
    <property name="library.jansi.path" value="C:\Program Files\apache-maven-3.6.0\bin\..\lib\jansi-native"/>
    <property name="user.home" value="C:\Users\jhmff"/>
    <property name="user.timezone" value="Europe/London"/>
    <property name="java.awt.printerjob" value="sun.awt.windows.WPrinterJob"/>
    <property name="java.specification.version" value="1.8"/>
    <property name="file.encoding" value="Cp1252"/>
    <property name="user.name" value="jhmff"/>
    <property name="java.class.path" value="C:\Program Files\apache-maven-3.6.0\bin\..\boot\plexus-classworlds-2.5.2.jar"/>
    <property name="java.vm.specification.version" value="1.8"/>
    <property name="sun.arch.data.model" value="64"/>
    <property name="java.home" value="C:\Program Files\Java\jdk1.8.0_202\jre"/>
    <property name="sun.java.command" value="org.codehaus.plexus.classworlds.launcher.Launcher test"/>
    <property name="java.specification.vendor" value="Oracle Corporation"/>
    <property name="user.language" value="pt"/>
    <property name="awt.toolkit" value="sun.awt.windows.WToolkit"/>
    <property name="java.vm.info" value="mixed mode"/>
    <property name="java.version" value="1.8.0_202"/>
    <property name="java.ext.dirs" value="C:\Program Files\Java\jdk1.8.0_202\jre\lib\ext;C:\WINDOWS\Sun\Java\lib\ext"/>
    <property name="sun.boot.class.path" value="C:\Program Files\Java\jdk1.8.0_202\jre\lib\resources.jar;C:\Program Files\Java\jdk1.8.0_202\jre\lib\rt.jar;C:\Program Files\Java\jdk1.8.0_202\jre\lib\sunrsasign.jar;C:\Program Files\Java\jdk1.8.0_202\jre\lib\jsse.jar;C:\Program Files\Java\jdk1.8.0_202\jre\lib\jce.jar;C:\Program Files\Java\jdk1.8.0_202\jre\lib\charsets.jar;C:\Program Files\Java\jdk1.8.0_202\jre\lib\jfr.jar;C:\Program Files\Java\jdk1.8.0_202\jre\classes"/>
    <property name="sun.stderr.encoding" value="cp850"/>
    <property name="java.vendor" value="Oracle Corporation"/>
    <property name="maven.home" value="C:\Program Files\apache-maven-3.6.0\bin\.."/>
    <property name="file.separator" value="\"/>
    <property name="java.vendor.url.bug" value="http://bugreport.sun.com/bugreport/"/>
    <property name="sun.cpu.endian" value="little"/>
    <property name="sun.io.unicode.encoding" value="UnicodeLittle"/>
    <property name="sun.stdout.encoding" value="cp850"/>
    <property name="sun.desktop" value="windows"/>
    <property name="sun.cpu.isalist" value="amd64"/>
  </properties>
  <testcase classname="ap.TestCalculator" name="testDivide" time="0.005"/>
  <testcase classname="ap.TestCalculator" name="testDivide" time="0"/>
  <testcase classname="ap.TestCalculator" name="testDivide" time="0"/>
  <testcase classname="ap.TestCalculator" name="testDivide" time="0"/>
  <testcase classname="ap.TestCalculator" name="testDivide" time="0"/>
  <testcase classname="ap.TestCalculator" name="testDivideWhenDivisorIsZero" time="0"/>
  <testcase classname="ap.TestCalculator" name="testDivideWhenDivisorIsZero" time="0"/>
  <testcase classname="ap.TestCalculator" name="testDivideWhenDivisorIsZero" time="0"/>
  <testcase classname="ap.TestCalculator" name="testDivideWhenDivisorIsZero" time="0"/>
  <testcase classname="ap.TestCalculator" name="testDivideWhenDivisorIsZero2" time="0.044"/>
  <testcase classname="ap.TestCalculator" name="testSum" time="0"/>
  <testcase classname="ap.TestCalculator" name="testSum" time="0"/>
  <testcase classname="ap.TestCalculator" name="testSum" time="0"/>
  <testcase classname="ap.TestCalculator" name="testSum" time="0"/>
  <testcase classname="ap.TestCalculator" name="testSum" time="0"/>
  <testcase classname="ap.TestCalculator" name="testSum" time="0"/>
  <testcase classname="ap.TestCalculator" name="testSum" time="0"/>
  <testcase classname="ap.TestCalculatorConstructor" name="testInvalidConstructor" time="0.001"/>
  <testcase classname="ap.TestCalculatorConstructor" name="testInvalidConstructor" time="0"/>
  <testcase classname="ap.TestCalculatorConstructor" name="testInvalidConstructor" time="0"/>
  <testcase classname="ap.TestCalculatorConstructor" name="testInvalidConstructor" time="0.001"/>
  <testcase classname="ap.TestCalculatorConstructor" name="testValidConstructor" time="0"/>
  <testcase classname="ap.TestCalculatorConstructor" name="testValidConstructor" time="0"/>
  <testcase classname="ap.TestCalculatorConstructor" name="testValidConstructor" time="0"/>
  <testcase classname="ap.TestCalculatorConstructor" name="testValidConstructor" time="0"/>
</testsuite>