<?xml version="1.0" encoding="UTF-8"?>
<!-- Generated by org.testng.reporters.JUnitReportReporter -->
<testsuite skipped="0" hostname="DESKTOP-JF" name="ap.TestCalculator" tests="17" failures="0" timestamp="01 mar 2020 18:45:07 GMT" time="0.069" errors="0">
  <testcase name="testDivideWhenDivisorIsZero" time="0.014" classname="ap.TestCalculator"/>
  <testcase name="testSum" time="0.001" classname="ap.TestCalculator"/>
  <testcase name="testDivideWhenDivisorIsZero2" time="0.043" classname="ap.TestCalculator"/>
  <testcase name="testSum" time="0.003" classname="ap.TestCalculator"/>
  <testcase name="testDivide" time="0.002" classname="ap.TestCalculator"/>
  <testcase name="testDivide" time="0.001" classname="ap.TestCalculator"/>
  <testcase name="testSum" time="0.000" classname="ap.TestCalculator"/>
  <testcase name="testDivide" time="0.000" classname="ap.TestCalculator"/>
  <testcase name="testDivide" time="0.000" classname="ap.TestCalculator"/>
  <testcase name="testDivideWhenDivisorIsZero" time="0.001" classname="ap.TestCalculator"/>
  <testcase name="testDivideWhenDivisorIsZero" time="0.000" classname="ap.TestCalculator"/>
  <testcase name="testSum" time="0.001" classname="ap.TestCalculator"/>
  <testcase name="testSum" time="0.001" classname="ap.TestCalculator"/>
  <testcase name="testDivideWhenDivisorIsZero" time="0.002" classname="ap.TestCalculator"/>
  <testcase name="testSum" time="0.000" classname="ap.TestCalculator"/>
  <testcase name="testSum" time="0.000" classname="ap.TestCalculator"/>
  <testcase name="testDivide" time="0.000" classname="ap.TestCalculator"/>
</testsuite> <!-- ap.TestCalculator -->
