<?xml version="1.0" encoding="UTF-8"?>
<!-- Generated by org.testng.reporters.JUnitReportReporter -->
<testsuite skipped="0" hostname="DESKTOP-JF" name="ap.TestCalculatorConstructor" tests="8" failures="0" timestamp="01 mar 2020 18:45:07 GMT" time="0.000" errors="0">
  <testcase name="testValidConstructor" time="0.000" classname="ap.TestCalculatorConstructor"/>
  <testcase name="testInvalidConstructor" time="0.000" classname="ap.TestCalculatorConstructor"/>
  <testcase name="testValidConstructor" time="0.000" classname="ap.TestCalculatorConstructor"/>
  <testcase name="testValidConstructor" time="0.000" classname="ap.TestCalculatorConstructor"/>
  <testcase name="testValidConstructor" time="0.000" classname="ap.TestCalculatorConstructor"/>
  <testcase name="testInvalidConstructor" time="0.000" classname="ap.TestCalculatorConstructor"/>
  <testcase name="testInvalidConstructor" time="0.000" classname="ap.TestCalculatorConstructor"/>
  <testcase name="testInvalidConstructor" time="0.000" classname="ap.TestCalculatorConstructor"/>
</testsuite> <!-- ap.TestCalculatorConstructor -->
